<?xml version="1.0" encoding="UTF-8"?>
<!-- Generated by org.testng.reporters.JUnitXMLReporter -->
<testsuite hostname="MTVL162aa64e9.local" ignored="0" name="Default test" tests="4" failures="0" timestamp="18 Jul 2018 18:58:42 GMT" time="0.074" errors="0">
  <testcase name="CarMakeTest" time="0.005" classname="com.kabir.car.test.CarTest"/>
  <testcase name="LowetRentalCar" time="0.005" classname="com.kabir.car.test.CarTest"/>
  <testcase name="LowetRentalCarWithDiscount" time="0.002" classname="com.kabir.car.test.CarTest"/>
  <testcase name="highestRevenuecars" time="0.001" classname="com.kabir.car.test.CarTest"/>
</testsuite> <!-- Default test -->
